android/app/build/intermediates/manifest_merge_blame_file/release/manifest-merger-blame-release-report.txt
1<?xml version="1.0" encoding="utf-8"?>
2<manifest xmlns:android="http://schemas.android.com/apk/res/android"
3    package="com.Over11"
4    android:versionCode="1"
5    android:versionName="1.0" >
6
7    <uses-sdk
8        android:minSdkVersion="21"
9        android:targetSdkVersion="34" />
10
11    <uses-permission android:name="android.permission.INTERNET" />
11-->src/main/AndroidManifest.xml:3:5-67
11-->src/main/AndroidManifest.xml:3:22-64
12    <uses-permission android:name="android.permission.CAMERA" />
12-->src/main/AndroidManifest.xml:4:4-64
12-->src/main/AndroidManifest.xml:4:21-61
13
14    <uses-feature
14-->src/main/AndroidManifest.xml:5:4-84
15        android:name="android.hardware.camera"
15-->src/main/AndroidManifest.xml:5:18-56
16        android:required="false" />
16-->src/main/AndroidManifest.xml:5:57-81
17    <uses-feature
17-->src/main/AndroidManifest.xml:6:4-90
18        android:name="android.hardware.camera.front"
18-->src/main/AndroidManifest.xml:6:18-62
19        android:required="false" />
19-->src/main/AndroidManifest.xml:6:63-87
20
21    <uses-permission android:name="android.permission.READ_MEDIA_IMAGES" />
21-->src/main/AndroidManifest.xml:7:4-75
21-->src/main/AndroidManifest.xml:7:21-72
22    <uses-permission android:name="android.permission.ACCESS_FINE_LOCATION" />
22-->src/main/AndroidManifest.xml:8:4-78
22-->src/main/AndroidManifest.xml:8:21-75
23    <uses-permission android:name="android.permission.ACCESS_COARSE_LOCATION" />
23-->src/main/AndroidManifest.xml:9:4-80
23-->src/main/AndroidManifest.xml:9:21-77
24    <uses-permission
24-->src/main/AndroidManifest.xml:10:4-107
25        android:name="android.permission.WRITE_EXTERNAL_STORAGE"
25-->src/main/AndroidManifest.xml:10:21-77
26        android:maxSdkVersion="29" />
26-->src/main/AndroidManifest.xml:10:78-104
27    <uses-permission
27-->src/main/AndroidManifest.xml:11:4-106
28        android:name="android.permission.READ_EXTERNAL_STORAGE"
28-->src/main/AndroidManifest.xml:11:21-76
29        android:maxSdkVersion="32" />
29-->src/main/AndroidManifest.xml:11:77-103
30    <uses-permission android:name="android.permission.READ_SMS" />
30-->src/main/AndroidManifest.xml:12:4-66
30-->src/main/AndroidManifest.xml:12:21-63
31    <uses-permission android:name="android.permission.RECEIVE_SMS" />
31-->src/main/AndroidManifest.xml:13:4-69
31-->src/main/AndroidManifest.xml:13:21-66
32    <uses-permission android:name="android.permission.WAKE_LOCK" />
32-->[:react-native-firebase_dynamic-links] AndroidManifest.xml:8:5-68
32-->[:react-native-firebase_dynamic-links] AndroidManifest.xml:8:22-65
33    <uses-permission android:name="android.permission.ACCESS_NETWORK_STATE" />
33-->[:react-native-firebase_dynamic-links] AndroidManifest.xml:9:5-79
33-->[:react-native-firebase_dynamic-links] AndroidManifest.xml:9:22-76
34
35    <queries>
35-->[:react-native-image-crop-picker] AndroidManifest.xml:7:5-11:15
36        <intent>
36-->[:react-native-image-crop-picker] AndroidManifest.xml:8:9-10:18
37            <action android:name="android.media.action.IMAGE_CAPTURE" />
37-->[:react-native-image-crop-picker] AndroidManifest.xml:9:13-73
37-->[:react-native-image-crop-picker] AndroidManifest.xml:9:21-70
38        </intent>
39    </queries>
40
41    <uses-permission android:name="android.permission.POST_NOTIFICATIONS" /> <!-- Required by older versions of Google Play services to create IID tokens -->
41-->[com.google.firebase:firebase-messaging:23.4.1] AndroidManifest.xml:23:5-77
41-->[com.google.firebase:firebase-messaging:23.4.1] AndroidManifest.xml:23:22-74
42    <uses-permission android:name="com.google.android.c2dm.permission.RECEIVE" />
42-->[com.google.firebase:firebase-messaging:23.4.1] AndroidManifest.xml:26:5-82
42-->[com.google.firebase:firebase-messaging:23.4.1] AndroidManifest.xml:26:22-79
43    <uses-permission android:name="com.google.android.gms.permission.AD_ID" />
43-->[com.google.android.gms:play-services-measurement-api:21.6.2] AndroidManifest.xml:25:5-79
43-->[com.google.android.gms:play-services-measurement-api:21.6.2] AndroidManifest.xml:25:22-76
44    <uses-permission android:name="android.permission.ACCESS_ADSERVICES_ATTRIBUTION" />
44-->[com.google.android.gms:play-services-measurement-api:21.6.2] AndroidManifest.xml:26:5-88
44-->[com.google.android.gms:play-services-measurement-api:21.6.2] AndroidManifest.xml:26:22-85
45    <uses-permission android:name="android.permission.ACCESS_ADSERVICES_AD_ID" />
45-->[com.google.android.gms:play-services-measurement-api:21.6.2] AndroidManifest.xml:27:5-82
45-->[com.google.android.gms:play-services-measurement-api:21.6.2] AndroidManifest.xml:27:22-79
46    <uses-permission android:name="com.google.android.finsky.permission.BIND_GET_INSTALL_REFERRER_SERVICE" />
46-->[com.google.android.gms:play-services-measurement:21.6.2] AndroidManifest.xml:26:5-110
46-->[com.google.android.gms:play-services-measurement:21.6.2] AndroidManifest.xml:26:22-107
47
48    <permission
48-->[androidx.core:core:1.9.0] AndroidManifest.xml:22:5-24:47
49        android:name="com.Over11.DYNAMIC_RECEIVER_NOT_EXPORTED_PERMISSION"
49-->[androidx.core:core:1.9.0] AndroidManifest.xml:23:9-81
50        android:protectionLevel="signature" />
50-->[androidx.core:core:1.9.0] AndroidManifest.xml:24:9-44
51
52    <uses-permission android:name="com.Over11.DYNAMIC_RECEIVER_NOT_EXPORTED_PERMISSION" /> <!-- for android -->
52-->[androidx.core:core:1.9.0] AndroidManifest.xml:26:5-97
52-->[androidx.core:core:1.9.0] AndroidManifest.xml:26:22-94
53    <!-- <uses-permission android:name="com.android.launcher.permission.READ_SETTINGS"/> -->
54    <!-- <uses-permission android:name="com.android.launcher.permission.WRITE_SETTINGS"/> -->
55    <!-- <uses-permission android:name="com.android.launcher.permission.INSTALL_SHORTCUT" /> -->
56    <!-- <uses-permission android:name="com.android.launcher.permission.UNINSTALL_SHORTCUT" /> -->
57    <!-- for Samsung -->
58    <uses-permission android:name="com.sec.android.provider.badge.permission.READ" />
58-->[me.leolin:ShortcutBadger:1.1.22] AndroidManifest.xml:19:5-86
58-->[me.leolin:ShortcutBadger:1.1.22] AndroidManifest.xml:19:22-83
59    <uses-permission android:name="com.sec.android.provider.badge.permission.WRITE" /> <!-- for htc -->
59-->[me.leolin:ShortcutBadger:1.1.22] AndroidManifest.xml:20:5-87
59-->[me.leolin:ShortcutBadger:1.1.22] AndroidManifest.xml:20:22-84
60    <uses-permission android:name="com.htc.launcher.permission.READ_SETTINGS" />
60-->[me.leolin:ShortcutBadger:1.1.22] AndroidManifest.xml:23:5-81
60-->[me.leolin:ShortcutBadger:1.1.22] AndroidManifest.xml:23:22-78
61    <uses-permission android:name="com.htc.launcher.permission.UPDATE_SHORTCUT" /> <!-- for sony -->
61-->[me.leolin:ShortcutBadger:1.1.22] AndroidManifest.xml:24:5-83
61-->[me.leolin:ShortcutBadger:1.1.22] AndroidManifest.xml:24:22-80
62    <uses-permission android:name="com.sonyericsson.home.permission.BROADCAST_BADGE" />
62-->[me.leolin:ShortcutBadger:1.1.22] AndroidManifest.xml:27:5-88
62-->[me.leolin:ShortcutBadger:1.1.22] AndroidManifest.xml:27:22-85
63    <uses-permission android:name="com.sonymobile.home.permission.PROVIDER_INSERT_BADGE" /> <!-- for apex -->
63-->[me.leolin:ShortcutBadger:1.1.22] AndroidManifest.xml:28:5-92
63-->[me.leolin:ShortcutBadger:1.1.22] AndroidManifest.xml:28:22-89
64    <uses-permission android:name="com.anddoes.launcher.permission.UPDATE_COUNT" /> <!-- for solid -->
64-->[me.leolin:ShortcutBadger:1.1.22] AndroidManifest.xml:31:5-84
64-->[me.leolin:ShortcutBadger:1.1.22] AndroidManifest.xml:31:22-81
65    <uses-permission android:name="com.majeur.launcher.permission.UPDATE_BADGE" /> <!-- for huawei -->
65-->[me.leolin:ShortcutBadger:1.1.22] AndroidManifest.xml:34:5-83
65-->[me.leolin:ShortcutBadger:1.1.22] AndroidManifest.xml:34:22-80
66    <uses-permission android:name="com.huawei.android.launcher.permission.CHANGE_BADGE" />
66-->[me.leolin:ShortcutBadger:1.1.22] AndroidManifest.xml:37:5-91
66-->[me.leolin:ShortcutBadger:1.1.22] AndroidManifest.xml:37:22-88
67    <uses-permission android:name="com.huawei.android.launcher.permission.READ_SETTINGS" />
67-->[me.leolin:ShortcutBadger:1.1.22] AndroidManifest.xml:38:5-92
67-->[me.leolin:ShortcutBadger:1.1.22] AndroidManifest.xml:38:22-89
68    <uses-permission android:name="com.huawei.android.launcher.permission.WRITE_SETTINGS" /> <!-- for ZUK -->
68-->[me.leolin:ShortcutBadger:1.1.22] AndroidManifest.xml:39:5-93
68-->[me.leolin:ShortcutBadger:1.1.22] AndroidManifest.xml:39:22-90
69    <uses-permission android:name="android.permission.READ_APP_BADGE" /> <!-- for OPPO -->
69-->[me.leolin:ShortcutBadger:1.1.22] AndroidManifest.xml:42:5-73
69-->[me.leolin:ShortcutBadger:1.1.22] AndroidManifest.xml:42:22-70
70    <uses-permission android:name="com.oppo.launcher.permission.READ_SETTINGS" />
70-->[me.leolin:ShortcutBadger:1.1.22] AndroidManifest.xml:45:5-82
70-->[me.leolin:ShortcutBadger:1.1.22] AndroidManifest.xml:45:22-79
71    <uses-permission android:name="com.oppo.launcher.permission.WRITE_SETTINGS" /> <!-- for EvMe -->
71-->[me.leolin:ShortcutBadger:1.1.22] AndroidManifest.xml:46:5-83
71-->[me.leolin:ShortcutBadger:1.1.22] AndroidManifest.xml:46:22-80
72    <uses-permission android:name="me.everything.badger.permission.BADGE_COUNT_READ" />
72-->[me.leolin:ShortcutBadger:1.1.22] AndroidManifest.xml:49:5-88
72-->[me.leolin:ShortcutBadger:1.1.22] AndroidManifest.xml:49:22-85
73    <uses-permission android:name="me.everything.badger.permission.BADGE_COUNT_WRITE" />
73-->[me.leolin:ShortcutBadger:1.1.22] AndroidManifest.xml:50:5-89
73-->[me.leolin:ShortcutBadger:1.1.22] AndroidManifest.xml:50:22-86
74
75    <application
75-->src/main/AndroidManifest.xml:15:5-37:19
76        android:name="com.Over11.MainApplication"
76-->src/main/AndroidManifest.xml:16:7-38
77        android:allowBackup="false"
77-->src/main/AndroidManifest.xml:20:7-34
78        android:appComponentFactory="androidx.core.app.CoreComponentFactory"
78-->[androidx.core:core:1.9.0] AndroidManifest.xml:28:18-86
79        android:extractNativeLibs="true"
80        android:icon="@mipmap/appicon"
80-->src/main/AndroidManifest.xml:18:7-37
81        android:label="@string/app_name"
81-->src/main/AndroidManifest.xml:17:7-39
82        android:roundIcon="@mipmap/appicon"
82-->src/main/AndroidManifest.xml:19:7-42
83        android:theme="@style/AppTheme"
83-->src/main/AndroidManifest.xml:21:7-38
84        android:usesCleartextTraffic="true" >
84-->src/main/AndroidManifest.xml:22:7-42
85        <activity
85-->src/main/AndroidManifest.xml:23:7-34:18
86            android:name="com.Over11.MainActivity"
86-->src/main/AndroidManifest.xml:24:9-37
87            android:configChanges="keyboard|keyboardHidden|orientation|screenLayout|screenSize|smallestScreenSize|uiMode"
87-->src/main/AndroidManifest.xml:26:9-118
88            android:exported="true"
88-->src/main/AndroidManifest.xml:29:9-32
89            android:label="@string/app_name"
89-->src/main/AndroidManifest.xml:25:9-41
90            android:launchMode="singleTask"
90-->src/main/AndroidManifest.xml:27:9-40
91            android:windowSoftInputMode="adjustResize" >
91-->src/main/AndroidManifest.xml:28:9-51
92            <intent-filter>
92-->src/main/AndroidManifest.xml:30:9-33:25
93                <action android:name="android.intent.action.MAIN" />
93-->src/main/AndroidManifest.xml:31:13-65
93-->src/main/AndroidManifest.xml:31:21-62
94
95                <category android:name="android.intent.category.LAUNCHER" />
95-->src/main/AndroidManifest.xml:32:13-73
95-->src/main/AndroidManifest.xml:32:23-70
96            </intent-filter>
97        </activity>
98
99        <meta-data
99-->src/main/AndroidManifest.xml:35:7-36:44
100            android:name="com.dieam.reactnativepushnotification.notification_foreground"
100-->src/main/AndroidManifest.xml:35:19-95
101            android:value="false" />
101-->src/main/AndroidManifest.xml:36:21-42
102
103        <service
103-->[:react-native-firebase_messaging] AndroidManifest.xml:12:9-14:40
104            android:name="io.invertase.firebase.messaging.ReactNativeFirebaseMessagingHeadlessService"
104-->[:react-native-firebase_messaging] AndroidManifest.xml:13:13-103
105            android:exported="false" />
105-->[:react-native-firebase_messaging] AndroidManifest.xml:14:13-37
106        <service
106-->[:react-native-firebase_messaging] AndroidManifest.xml:15:9-21:19
107            android:name="io.invertase.firebase.messaging.ReactNativeFirebaseMessagingService"
107-->[:react-native-firebase_messaging] AndroidManifest.xml:16:13-95
108            android:exported="false" >
108-->[:react-native-firebase_messaging] AndroidManifest.xml:17:13-37
109            <intent-filter>
109-->[:react-native-firebase_messaging] AndroidManifest.xml:18:13-20:29
110                <action android:name="com.google.firebase.MESSAGING_EVENT" />
110-->[:react-native-firebase_messaging] AndroidManifest.xml:19:17-78
110-->[:react-native-firebase_messaging] AndroidManifest.xml:19:25-75
111            </intent-filter>
112        </service>
113
114        <receiver
114-->[:react-native-firebase_messaging] AndroidManifest.xml:23:9-30:20
115            android:name="io.invertase.firebase.messaging.ReactNativeFirebaseMessagingReceiver"
115-->[:react-native-firebase_messaging] AndroidManifest.xml:24:13-96
116            android:exported="true"
116-->[:react-native-firebase_messaging] AndroidManifest.xml:25:13-36
117            android:permission="com.google.android.c2dm.permission.SEND" >
117-->[:react-native-firebase_messaging] AndroidManifest.xml:26:13-73
118            <intent-filter>
118-->[:react-native-firebase_messaging] AndroidManifest.xml:27:13-29:29
119                <action android:name="com.google.android.c2dm.intent.RECEIVE" />
119-->[:react-native-firebase_messaging] AndroidManifest.xml:28:17-81
119-->[:react-native-firebase_messaging] AndroidManifest.xml:28:25-78
120            </intent-filter>
121        </receiver>
122
123        <meta-data
123-->[:react-native-firebase_messaging] AndroidManifest.xml:32:9-34:36
124            android:name="firebase_messaging_auto_init_enabled"
124-->[:react-native-firebase_messaging] AndroidManifest.xml:33:13-64
125            android:value="true" />
125-->[:react-native-firebase_messaging] AndroidManifest.xml:34:13-33
126        <meta-data
126-->[:react-native-firebase_messaging] AndroidManifest.xml:35:9-37:32
127            android:name="com.google.firebase.messaging.default_notification_channel_id"
127-->[:react-native-firebase_messaging] AndroidManifest.xml:36:13-89
128            android:value="" />
128-->[:react-native-firebase_messaging] AndroidManifest.xml:37:13-29
129        <meta-data
129-->[:react-native-firebase_messaging] AndroidManifest.xml:38:9-40:47
130            android:name="com.google.firebase.messaging.default_notification_color"
130-->[:react-native-firebase_messaging] AndroidManifest.xml:39:13-84
131            android:resource="@color/white" />
131-->[:react-native-firebase_messaging] AndroidManifest.xml:40:13-44
132        <meta-data
132-->[:react-native-firebase_app] AndroidManifest.xml:9:9-11:36
133            android:name="app_data_collection_default_enabled"
133-->[:react-native-firebase_app] AndroidManifest.xml:10:13-63
134            android:value="true" />
134-->[:react-native-firebase_app] AndroidManifest.xml:11:13-33
135
136        <service
136-->[:react-native-firebase_app] AndroidManifest.xml:13:9-21:19
137            android:name="com.google.firebase.components.ComponentDiscoveryService"
137-->[:react-native-firebase_app] AndroidManifest.xml:14:13-84
138            android:directBootAware="true"
138-->[:react-native-firebase_app] AndroidManifest.xml:15:13-43
139            android:exported="false" >
139-->[:react-native-firebase_app] AndroidManifest.xml:16:13-37
140            <meta-data
140-->[:react-native-firebase_app] AndroidManifest.xml:18:13-20:85
141                android:name="com.google.firebase.components:io.invertase.firebase.app.ReactNativeFirebaseAppRegistrar"
141-->[:react-native-firebase_app] AndroidManifest.xml:19:17-120
142                android:value="com.google.firebase.components.ComponentRegistrar" />
142-->[:react-native-firebase_app] AndroidManifest.xml:20:17-82
143            <meta-data
143-->[com.google.firebase:firebase-messaging:23.4.1] AndroidManifest.xml:57:13-59:85
144                android:name="com.google.firebase.components:com.google.firebase.messaging.FirebaseMessagingKtxRegistrar"
144-->[com.google.firebase:firebase-messaging:23.4.1] AndroidManifest.xml:58:17-122
145                android:value="com.google.firebase.components.ComponentRegistrar" />
145-->[com.google.firebase:firebase-messaging:23.4.1] AndroidManifest.xml:59:17-82
146            <meta-data
146-->[com.google.firebase:firebase-messaging:23.4.1] AndroidManifest.xml:60:13-62:85
147                android:name="com.google.firebase.components:com.google.firebase.messaging.FirebaseMessagingRegistrar"
147-->[com.google.firebase:firebase-messaging:23.4.1] AndroidManifest.xml:61:17-119
148                android:value="com.google.firebase.components.ComponentRegistrar" />
148-->[com.google.firebase:firebase-messaging:23.4.1] AndroidManifest.xml:62:17-82
149            <meta-data
149-->[com.google.firebase:firebase-dynamic-links:21.2.0] AndroidManifest.xml:24:13-26:85
150                android:name="com.google.firebase.components:com.google.firebase.dynamiclinks.FirebaseDynamicLinksKtxRegistrar"
150-->[com.google.firebase:firebase-dynamic-links:21.2.0] AndroidManifest.xml:25:17-128
151                android:value="com.google.firebase.components.ComponentRegistrar" />
151-->[com.google.firebase:firebase-dynamic-links:21.2.0] AndroidManifest.xml:26:17-82
152            <meta-data
152-->[com.google.firebase:firebase-dynamic-links:21.2.0] AndroidManifest.xml:27:13-29:85
153                android:name="com.google.firebase.components:com.google.firebase.dynamiclinks.internal.FirebaseDynamicLinkRegistrar"
153-->[com.google.firebase:firebase-dynamic-links:21.2.0] AndroidManifest.xml:28:17-133
154                android:value="com.google.firebase.components.ComponentRegistrar" />
154-->[com.google.firebase:firebase-dynamic-links:21.2.0] AndroidManifest.xml:29:17-82
155            <meta-data
155-->[com.google.android.gms:play-services-measurement-api:21.6.2] AndroidManifest.xml:37:13-39:85
156                android:name="com.google.firebase.components:com.google.firebase.analytics.connector.internal.AnalyticsConnectorRegistrar"
156-->[com.google.android.gms:play-services-measurement-api:21.6.2] AndroidManifest.xml:38:17-139
157                android:value="com.google.firebase.components.ComponentRegistrar" />
157-->[com.google.android.gms:play-services-measurement-api:21.6.2] AndroidManifest.xml:39:17-82
158            <meta-data
158-->[com.google.firebase:firebase-installations:17.2.0] AndroidManifest.xml:15:13-17:85
159                android:name="com.google.firebase.components:com.google.firebase.installations.FirebaseInstallationsKtxRegistrar"
159-->[com.google.firebase:firebase-installations:17.2.0] AndroidManifest.xml:16:17-130
160                android:value="com.google.firebase.components.ComponentRegistrar" />
160-->[com.google.firebase:firebase-installations:17.2.0] AndroidManifest.xml:17:17-82
161            <meta-data
161-->[com.google.firebase:firebase-installations:17.2.0] AndroidManifest.xml:18:13-20:85
162                android:name="com.google.firebase.components:com.google.firebase.installations.FirebaseInstallationsRegistrar"
162-->[com.google.firebase:firebase-installations:17.2.0] AndroidManifest.xml:19:17-127
163                android:value="com.google.firebase.components.ComponentRegistrar" />
163-->[com.google.firebase:firebase-installations:17.2.0] AndroidManifest.xml:20:17-82
164            <meta-data
164-->[com.google.firebase:firebase-common-ktx:20.4.3] AndroidManifest.xml:12:13-14:85
165                android:name="com.google.firebase.components:com.google.firebase.ktx.FirebaseCommonLegacyRegistrar"
165-->[com.google.firebase:firebase-common-ktx:20.4.3] AndroidManifest.xml:13:17-116
166                android:value="com.google.firebase.components.ComponentRegistrar" />
166-->[com.google.firebase:firebase-common-ktx:20.4.3] AndroidManifest.xml:14:17-82
167            <meta-data
167-->[com.google.firebase:firebase-common:20.4.3] AndroidManifest.xml:35:13-37:85
168                android:name="com.google.firebase.components:com.google.firebase.FirebaseCommonKtxRegistrar"
168-->[com.google.firebase:firebase-common:20.4.3] AndroidManifest.xml:36:17-109
169                android:value="com.google.firebase.components.ComponentRegistrar" />
169-->[com.google.firebase:firebase-common:20.4.3] AndroidManifest.xml:37:17-82
170            <meta-data
170-->[com.google.firebase:firebase-datatransport:18.1.7] AndroidManifest.xml:27:13-29:85
171                android:name="com.google.firebase.components:com.google.firebase.datatransport.TransportRegistrar"
171-->[com.google.firebase:firebase-datatransport:18.1.7] AndroidManifest.xml:28:17-115
172                android:value="com.google.firebase.components.ComponentRegistrar" />
172-->[com.google.firebase:firebase-datatransport:18.1.7] AndroidManifest.xml:29:17-82
173        </service>
174
175        <provider
175-->[:react-native-firebase_app] AndroidManifest.xml:23:9-27:38
176            android:name="io.invertase.firebase.app.ReactNativeFirebaseAppInitProvider"
176-->[:react-native-firebase_app] AndroidManifest.xml:24:13-88
177            android:authorities="com.Over11.reactnativefirebaseappinitprovider"
177-->[:react-native-firebase_app] AndroidManifest.xml:25:13-86
178            android:exported="false"
178-->[:react-native-firebase_app] AndroidManifest.xml:26:13-37
179            android:initOrder="99" />
179-->[:react-native-firebase_app] AndroidManifest.xml:27:13-35
180        <provider
180-->[:react-native-image-crop-picker] AndroidManifest.xml:16:9-24:20
181            android:name="com.reactnative.ivpusic.imagepicker.IvpusicImagePickerFileProvider"
181-->[:react-native-image-crop-picker] AndroidManifest.xml:17:13-94
182            android:authorities="com.Over11.provider"
182-->[:react-native-image-crop-picker] AndroidManifest.xml:18:13-60
183            android:exported="false"
183-->[:react-native-image-crop-picker] AndroidManifest.xml:19:13-37
184            android:grantUriPermissions="true" >
184-->[:react-native-image-crop-picker] AndroidManifest.xml:20:13-47
185            <meta-data
185-->[:react-native-image-crop-picker] AndroidManifest.xml:21:13-23:78
186                android:name="android.support.FILE_PROVIDER_PATHS"
186-->[:react-native-image-crop-picker] AndroidManifest.xml:22:17-67
187                android:resource="@xml/ivpusic_imagepicker_provider_paths" />
187-->[:react-native-image-crop-picker] AndroidManifest.xml:23:17-75
188        </provider>
189
190        <activity
190-->[:react-native-image-crop-picker] AndroidManifest.xml:26:9-28:72
191            android:name="com.yalantis.ucrop.UCropActivity"
191-->[:react-native-image-crop-picker] AndroidManifest.xml:27:13-60
192            android:theme="@style/Theme.AppCompat.Light.NoActionBar" />
192-->[:react-native-image-crop-picker] AndroidManifest.xml:28:13-69
193
194        <provider
194-->[:react-native-webview] AndroidManifest.xml:8:9-16:20
195            android:name="com.reactnativecommunity.webview.RNCWebViewFileProvider"
195-->[:react-native-webview] AndroidManifest.xml:9:13-83
196            android:authorities="com.Over11.fileprovider"
196-->[:react-native-webview] AndroidManifest.xml:10:13-64
197            android:exported="false"
197-->[:react-native-webview] AndroidManifest.xml:11:13-37
198            android:grantUriPermissions="true" >
198-->[:react-native-webview] AndroidManifest.xml:12:13-47
199            <meta-data
199-->[:react-native-image-crop-picker] AndroidManifest.xml:21:13-23:78
200                android:name="android.support.FILE_PROVIDER_PATHS"
200-->[:react-native-image-crop-picker] AndroidManifest.xml:22:17-67
201                android:resource="@xml/file_provider_paths" />
201-->[:react-native-image-crop-picker] AndroidManifest.xml:23:17-75
202        </provider>
203
204        <receiver
204-->[com.google.firebase:firebase-messaging:23.4.1] AndroidManifest.xml:29:9-40:20
205            android:name="com.google.firebase.iid.FirebaseInstanceIdReceiver"
205-->[com.google.firebase:firebase-messaging:23.4.1] AndroidManifest.xml:30:13-78
206            android:exported="true"
206-->[com.google.firebase:firebase-messaging:23.4.1] AndroidManifest.xml:31:13-36
207            android:permission="com.google.android.c2dm.permission.SEND" >
207-->[com.google.firebase:firebase-messaging:23.4.1] AndroidManifest.xml:32:13-73
208            <intent-filter>
208-->[:react-native-firebase_messaging] AndroidManifest.xml:27:13-29:29
209                <action android:name="com.google.android.c2dm.intent.RECEIVE" />
209-->[:react-native-firebase_messaging] AndroidManifest.xml:28:17-81
209-->[:react-native-firebase_messaging] AndroidManifest.xml:28:25-78
210            </intent-filter>
211
212            <meta-data
212-->[com.google.firebase:firebase-messaging:23.4.1] AndroidManifest.xml:37:13-39:40
213                android:name="com.google.android.gms.cloudmessaging.FINISHED_AFTER_HANDLED"
213-->[com.google.firebase:firebase-messaging:23.4.1] AndroidManifest.xml:38:17-92
214                android:value="true" />
214-->[com.google.firebase:firebase-messaging:23.4.1] AndroidManifest.xml:39:17-37
215        </receiver>
216        <!--
217             FirebaseMessagingService performs security checks at runtime,
218             but set to not exported to explicitly avoid allowing another app to call it.
219        -->
220        <service
220-->[com.google.firebase:firebase-messaging:23.4.1] AndroidManifest.xml:46:9-53:19
221            android:name="com.google.firebase.messaging.FirebaseMessagingService"
221-->[com.google.firebase:firebase-messaging:23.4.1] AndroidManifest.xml:47:13-82
222            android:directBootAware="true"
222-->[com.google.firebase:firebase-messaging:23.4.1] AndroidManifest.xml:48:13-43
223            android:exported="false" >
223-->[com.google.firebase:firebase-messaging:23.4.1] AndroidManifest.xml:49:13-37
224            <intent-filter android:priority="-500" >
224-->[:react-native-firebase_messaging] AndroidManifest.xml:18:13-20:29
225                <action android:name="com.google.firebase.MESSAGING_EVENT" />
225-->[:react-native-firebase_messaging] AndroidManifest.xml:19:17-78
225-->[:react-native-firebase_messaging] AndroidManifest.xml:19:25-75
226            </intent-filter>
227        </service>
228
229        <property
229-->[com.google.android.gms:play-services-measurement-api:21.6.2] AndroidManifest.xml:30:9-32:61
230            android:name="android.adservices.AD_SERVICES_CONFIG"
230-->[com.google.android.gms:play-services-measurement-api:21.6.2] AndroidManifest.xml:31:13-65
231            android:resource="@xml/ga_ad_services_config" />
231-->[com.google.android.gms:play-services-measurement-api:21.6.2] AndroidManifest.xml:32:13-58
232
233        <receiver
233-->[com.google.android.gms:play-services-measurement:21.6.2] AndroidManifest.xml:29:9-33:20
234            android:name="com.google.android.gms.measurement.AppMeasurementReceiver"
234-->[com.google.android.gms:play-services-measurement:21.6.2] AndroidManifest.xml:30:13-85
235            android:enabled="true"
235-->[com.google.android.gms:play-services-measurement:21.6.2] AndroidManifest.xml:31:13-35
236            android:exported="false" >
236-->[com.google.android.gms:play-services-measurement:21.6.2] AndroidManifest.xml:32:13-37
237        </receiver>
238
239        <service
239-->[com.google.android.gms:play-services-measurement:21.6.2] AndroidManifest.xml:35:9-38:40
240            android:name="com.google.android.gms.measurement.AppMeasurementService"
240-->[com.google.android.gms:play-services-measurement:21.6.2] AndroidManifest.xml:36:13-84
241            android:enabled="true"
241-->[com.google.android.gms:play-services-measurement:21.6.2] AndroidManifest.xml:37:13-35
242            android:exported="false" />
242-->[com.google.android.gms:play-services-measurement:21.6.2] AndroidManifest.xml:38:13-37
243        <service
243-->[com.google.android.gms:play-services-measurement:21.6.2] AndroidManifest.xml:39:9-43:72
244            android:name="com.google.android.gms.measurement.AppMeasurementJobService"
244-->[com.google.android.gms:play-services-measurement:21.6.2] AndroidManifest.xml:40:13-87
245            android:enabled="true"
245-->[com.google.android.gms:play-services-measurement:21.6.2] AndroidManifest.xml:41:13-35
246            android:exported="false"
246-->[com.google.android.gms:play-services-measurement:21.6.2] AndroidManifest.xml:42:13-37
247            android:permission="android.permission.BIND_JOB_SERVICE" />
247-->[com.google.android.gms:play-services-measurement:21.6.2] AndroidManifest.xml:43:13-69
248
249        <uses-library
249-->[androidx.privacysandbox.ads:ads-adservices:1.0.0-beta05] AndroidManifest.xml:23:9-25:40
250            android:name="android.ext.adservices"
250-->[androidx.privacysandbox.ads:ads-adservices:1.0.0-beta05] AndroidManifest.xml:24:13-50
251            android:required="false" />
251-->[androidx.privacysandbox.ads:ads-adservices:1.0.0-beta05] AndroidManifest.xml:25:13-37
252
253        <activity
253-->[com.google.android.gms:play-services-auth:21.0.0] AndroidManifest.xml:23:9-27:75
254            android:name="com.google.android.gms.auth.api.signin.internal.SignInHubActivity"
254-->[com.google.android.gms:play-services-auth:21.0.0] AndroidManifest.xml:24:13-93
255            android:excludeFromRecents="true"
255-->[com.google.android.gms:play-services-auth:21.0.0] AndroidManifest.xml:25:13-46
256            android:exported="false"